<?xml version="1.0" encoding="UTF-8"?>
<!-- Generated by org.testng.reporters.JUnitXMLReporter -->
<testsuite hostname="Bhavna" ignored="4" name="Test" tests="3" failures="0" timestamp="2023-03-07T12:37:44 IST" time="132.27" errors="0">
  <testcase name="createOrganizationWithMAndatoryFields_002" time="27.623" classname="vtiget.OrganizationsTests.CreateOraganizationWithMAndatoryFields"/>
  <testcase name="CreateOrganizationWithIndustryAndAccounType_004" time="26.313" classname="vtiget.OrganizationsTests.CreateOrganizationWithIndustryAndAccounType"/>
  <testcase name="createOrganizationWithIndustry_003" time="27.162" classname="vtiget.OrganizationsTests.CreateOrganizationWithIndustry"/>
  <testcase name="@BeforeSuite bsConfig" time="0.0" classname="vtiger.GenericUtility.BaseClass">
    <ignored/>
  </testcase> <!-- @BeforeSuite bsConfig -->
  <testcase name="@BeforeSuite bsConfig" time="0.0" classname="vtiger.GenericUtility.BaseClass">
    <ignored/>
  </testcase> <!-- @BeforeSuite bsConfig -->
  <testcase name="@AfterSuite asConfig" time="0.0" classname="vtiger.GenericUtility.BaseClass">
    <ignored/>
  </testcase> <!-- @AfterSuite asConfig -->
  <testcase name="@AfterSuite asConfig" time="0.0" classname="vtiger.GenericUtility.BaseClass">
    <ignored/>
  </testcase> <!-- @AfterSuite asConfig -->
</testsuite> <!-- Test -->
