<?xml version="1.0" encoding="UTF-8"?>
<!-- Generated by org.testng.reporters.JUnitXMLReporter -->
<testsuite hostname="Bhavna" ignored="1" name="Test" tests="2" failures="0" timestamp="2023-03-22T11:03:17 IST" time="0.081" errors="0">
  <testcase name="demo" time="0.012" classname="vtiger.ContactsTests.CreateNewContactsWiTHOrganizationTest"/>
  <testcase name="demo1" time="0.001" classname="vtiger.ContactsTests.CreateNewContactsWiTHOrganizationTest"/>
  <testcase name="createContactWithOrgTest" time="0.0" classname="vtiger.ContactsTests.CreateNewContactsWiTHOrganizationTest">
    <ignored/>
  </testcase> <!-- createContactWithOrgTest -->
</testsuite> <!-- Test -->
